[    7798ms] [ERROR] CRITICAL: Undefined components found in DashboardComponent: [SummaryCards] @ http://localhost:3000/app/bundle.js:661436
[    7812ms] [ERROR] Warning: React.jsx: type is invalid -- expected a string (for built-in components) or a class/function (for composite components) but got: %s.%s%s undefined  You likely forgot to export your component from the file it's defined in, or you might have mixed up default and named imports.

Check the render method of `DashboardComponent`. 
    at DashboardComponent (http://localhost:3000/app/bundle.js:661412:57)
    at HomeComponent
    at RenderedRoute (http://localhost:3000/app/bundle.js:607329:5)
    at Outlet (http://localhost:3000/app/bundle.js:607932:26)
    at div
    at div
    at div
    at AppLayout (http://localhost:3000/app/bundle.js:659981:49)
    at RenderedRoute (http://localhost:3000/app/bundle.js:607329:5)
    at RenderErrorBoundary (http://localhost:3000/app/bundle.js:607276:5)
    at DataRoutes (http://localhost:3000/app/bundle.js:605925:5)
    at Router (http://localhost:3000/app/bundle.js:607953:15)
    at RouterProvider (http://localhost:3000/app/bundle.js:605712:5)
    at IntlProvider (http://localhost:3000/app/bundle.js:601852:47)
    at RouteComponent (http://localhost:3000/app/bundle.js:664231:48)
    at Provider (http://localhost:3000/app/bundle.js:603327:3) @ http://localhost:3000/app/bundle.js:617356
[    7924ms] Error: Element type is invalid: expected a string (for built-in components) or a class/function (for composite components) but got: undefined. You likely forgot to export your component from the file it's defined in, or you might have mixed up default and named imports.

Check the render method of `DashboardComponent`.
    at createFiberFromTypeAndProps (http://localhost:3000/app/bundle.js:599633:17)
    at createFiberFromElement (http://localhost:3000/app/bundle.js:599659:15)
    at createChild (http://localhost:3000/app/bundle.js:586308:28)
    at reconcileChildrenArray (http://localhost:3000/app/bundle.js:586603:25)
    at reconcileChildFibers (http://localhost:3000/app/bundle.js:587020:16)
    at reconcileChildren (http://localhost:3000/app/bundle.js:590361:28)
    at updateHostComponent (http://localhost:3000/app/bundle.js:591118:3)
    at beginWork (http://localhost:3000/app/bundle.js:592812:14)
    at HTMLUnknownElement.callCallback (http://localhost:3000/app/bundle.js:575363:14)
    at Object.invokeGuardedCallbackDev (http://localhost:3000/app/bundle.js:575412:16)
[    7936ms] [ERROR] CRITICAL: Undefined components found in DashboardComponent: [SummaryCards] @ http://localhost:3000/app/bundle.js:661436
[    7937ms] [ERROR] Warning: React.jsx: type is invalid -- expected a string (for built-in components) or a class/function (for composite components) but got: %s.%s%s undefined  You likely forgot to export your component from the file it's defined in, or you might have mixed up default and named imports.

Check the render method of `DashboardComponent`. 
    at DashboardComponent (http://localhost:3000/app/bundle.js:661412:57)
    at HomeComponent
    at RenderedRoute (http://localhost:3000/app/bundle.js:607329:5)
    at Outlet (http://localhost:3000/app/bundle.js:607932:26)
    at div
    at div
    at div
    at AppLayout (http://localhost:3000/app/bundle.js:659981:49)
    at RenderedRoute (http://localhost:3000/app/bundle.js:607329:5)
    at RenderErrorBoundary (http://localhost:3000/app/bundle.js:607276:5)
    at DataRoutes (http://localhost:3000/app/bundle.js:605925:5)
    at Router (http://localhost:3000/app/bundle.js:607953:15)
    at RouterProvider (http://localhost:3000/app/bundle.js:605712:5)
    at IntlProvider (http://localhost:3000/app/bundle.js:601852:47)
    at RouteComponent (http://localhost:3000/app/bundle.js:664231:48)
    at Provider (http://localhost:3000/app/bundle.js:603327:3) @ http://localhost:3000/app/bundle.js:617356
[    7979ms] Error: Element type is invalid: expected a string (for built-in components) or a class/function (for composite components) but got: undefined. You likely forgot to export your component from the file it's defined in, or you might have mixed up default and named imports.

Check the render method of `DashboardComponent`.
    at createFiberFromTypeAndProps (http://localhost:3000/app/bundle.js:599633:17)
    at createFiberFromElement (http://localhost:3000/app/bundle.js:599659:15)
    at createChild (http://localhost:3000/app/bundle.js:586308:28)
    at reconcileChildrenArray (http://localhost:3000/app/bundle.js:586603:25)
    at reconcileChildFibers (http://localhost:3000/app/bundle.js:587020:16)
    at reconcileChildren (http://localhost:3000/app/bundle.js:590361:28)
    at updateHostComponent (http://localhost:3000/app/bundle.js:591118:3)
    at beginWork (http://localhost:3000/app/bundle.js:592812:14)
    at HTMLUnknownElement.callCallback (http://localhost:3000/app/bundle.js:575363:14)
    at Object.invokeGuardedCallbackDev (http://localhost:3000/app/bundle.js:575412:16)
[    7991ms] [ERROR] The above error occurred in the <div> component:

    at div
    at div
    at DashboardComponent (http://localhost:3000/app/bundle.js:661412:57)
    at HomeComponent
    at RenderedRoute (http://localhost:3000/app/bundle.js:607329:5)
    at Outlet (http://localhost:3000/app/bundle.js:607932:26)
    at div
    at div
    at div
    at AppLayout (http://localhost:3000/app/bundle.js:659981:49)
    at RenderedRoute (http://localhost:3000/app/bundle.js:607329:5)
    at RenderErrorBoundary (http://localhost:3000/app/bundle.js:607276:5)
    at DataRoutes (http://localhost:3000/app/bundle.js:605925:5)
    at Router (http://localhost:3000/app/bundle.js:607953:15)
    at RouterProvider (http://localhost:3000/app/bundle.js:605712:5)
    at IntlProvider (http://localhost:3000/app/bundle.js:601852:47)
    at RouteComponent (http://localhost:3000/app/bundle.js:664231:48)
    at Provider (http://localhost:3000/app/bundle.js:603327:3)

React will try to recreate this component tree from scratch using the error boundary you provided, RenderErrorBoundary. @ http://localhost:3000/app/bundle.js:589885
[    7991ms] [ERROR] React Router caught the following error during render Error: Element type is invalid: expected a string (for built-in components) or a class/function (for composite components) but got: undefined. You likely forgot to export your component from the file it's defined in, or you might have mixed up default and named imports.

Check the render method of `DashboardComponent`.
    at createFiberFromTypeAndProps (http://localhost:3000/app/bundle.js:599633:17)
    at createFiberFromElement (http://localhost:3000/app/bundle.js:599659:15)
    at createChild (http://localhost:3000/app/bundle.js:586308:28)
    at reconcileChildrenArray (http://localhost:3000/app/bundle.js:586603:25)
    at reconcileChildFibers (http://localhost:3000/app/bundle.js:587020:16)
    at reconcileChildren (http://localhost:3000/app/bundle.js:590361:28)
    at updateHostComponent (http://localhost:3000/app/bundle.js:591118:3)
    at beginWork (http://localhost:3000/app/bundle.js:592812:14)
    at beginWork$1 (http://localhost:3000/app/bundle.js:598620:14)
    at performUnitOfWork (http://localhost:3000/app/bundle.js:597754:12) {componentStack: 
    at div
    at div
    at DashboardComponent (…er (http://localhost:3000/app/bundle.js:603327:3)} @ http://localhost:3000/app/bundle.js:607315
